<?xml version="1.0" encoding="UTF-8"?>
<!-- Generated by org.testng.reporters.JUnitReportReporter -->
<testsuite hostname="DESKTOP-DFMJBKL" failures="0" tests="7" name="tests.LoginWithEmail" time="48.614" errors="0" timestamp="2025-01-07T21:36:45 IST" skipped="0">
  <testcase classname="tests.LoginWithEmail" name="navigateToLoginPage" time="11.614"/>
  <testcase classname="tests.LoginWithEmail" name="openEmailScreen" time="2.106"/>
  <testcase classname="tests.LoginWithEmail" name="enterValidEmail" time="1.901"/>
  <testcase classname="tests.LoginWithEmail" name="verifyOTPScreenVisible" time="12.878"/>
  <testcase classname="tests.LoginWithEmail" name="retrieveAndEnterOTP" time="7.070"/>
  <testcase classname="tests.LoginWithEmail" name="verifyEmailByOTP" time="0.941"/>
  <testcase classname="tests.LoginWithEmail" name="verifyUserStatus" time="12.104"/>
</testsuite> <!-- tests.LoginWithEmail -->
