<?xml version="1.0" encoding="UTF-8"?>
<!-- Generated by org.testng.reporters.JUnitReportReporter -->
<testsuite hostname="DESKTOP-DFMJBKL" failures="0" tests="6" name="tests.LoginWithPhone" time="37.364" errors="0" timestamp="2025-01-09T22:54:17 IST" skipped="0">
  <testcase classname="tests.LoginWithPhone" name="navigateToLoginScreen" time="9.624"/>
  <testcase classname="tests.LoginWithPhone" name="openPhoneScreen" time="0.738"/>
  <testcase classname="tests.LoginWithPhone" name="verifyValidPhoneNumber" time="3.808"/>
  <testcase classname="tests.LoginWithPhone" name="retrieveAndEnterOTP" time="17.247"/>
  <testcase classname="tests.LoginWithPhone" name="verifyPhoneByOTP" time="2.277"/>
  <testcase classname="tests.LoginWithPhone" name="verifyUserStatus" time="3.670"/>
</testsuite> <!-- tests.LoginWithPhone -->
